[debug] [2021-03-03T20:23:56.909Z] ----------------------------------------------------------------------
[debug] [2021-03-03T20:23:56.912Z] Command:       C:\Program Files\nodejs\node.exe C:\Users\Bobby\AppData\Roaming\npm\node_modules\firebase-tools\lib\bin\firebase.js init
[debug] [2021-03-03T20:23:56.913Z] CLI Version:   9.5.0
[debug] [2021-03-03T20:23:56.913Z] Platform:      win32
[debug] [2021-03-03T20:23:56.913Z] Node Version:  v14.15.4
[debug] [2021-03-03T20:23:56.919Z] Time:          Wed Mar 03 2021 15:23:56 GMT-0500 (Eastern Standard Time)
[debug] [2021-03-03T20:23:56.920Z] ----------------------------------------------------------------------
[debug] [2021-03-03T20:23:56.920Z] 
[debug] [2021-03-03T20:23:56.936Z] > command requires scopes: ["email","openid","https://www.googleapis.com/auth/cloudplatformprojects.readonly","https://www.googleapis.com/auth/firebase","https://www.googleapis.com/auth/cloud-platform"]
[debug] [2021-03-03T20:23:56.938Z] > authorizing via signed-in user
[info] 
     ######## #### ########  ######## ########     ###     ######  ########
     ##        ##  ##     ## ##       ##     ##  ##   ##  ##       ##
     ######    ##  ########  ######   ########  #########  ######  ######
     ##        ##  ##    ##  ##       ##     ## ##     ##       ## ##
     ##       #### ##     ## ######## ########  ##     ##  ######  ########

You're about to initialize a Firebase project in this directory:

  C:\Users\Bobby\Boca Code\cleanEarthProj\cleanEarth-web

Before we get started, keep in mind:

  * You are initializing in an existing Firebase project directory

